<?xml version="1.0" encoding="UTF-8"?>
<!-- Generated by org.testng.reporters.JUnitReportReporter -->
<testsuite hostname="Agent21" name="getRequest.TestAllNodes" tests="1" failures="0" timestamp="28 Jun 2018 04:56:24 GMT" time="7.057" errors="0">
  <testcase name="DisplayAllNodesInWeatherAPI" time="7.057" classname="getRequest.TestAllNodes"/>
</testsuite> <!-- getRequest.TestAllNodes -->
