<?xml version="1.0" encoding="UTF-8"?>
<!-- Generated by org.testng.reporters.JUnitReportReporter -->
<testsuite hostname="Agent21" name="getRequest.SimpleGetTest" tests="1" failures="0" timestamp="28 Jun 2018 04:55:39 GMT" time="1.652" errors="0">
  <testcase name="GetWeatherDetails" time="1.652" classname="getRequest.SimpleGetTest"/>
</testsuite> <!-- getRequest.SimpleGetTest -->
