<?xml version="1.0" encoding="UTF-8"?>
<!-- Generated by org.testng.reporters.JUnitReportReporter -->
<testsuite hostname="Agent21" name="getRequest.GetWeatherHeaders" tests="1" failures="0" timestamp="28 Jun 2018 04:55:39 GMT" time="5.925" errors="0">
  <testcase name="GetWeather" time="5.925" classname="getRequest.GetWeatherHeaders"/>
</testsuite> <!-- getRequest.GetWeatherHeaders -->
