<?xml version="1.0" encoding="UTF-8"?>
<!-- Generated by org.testng.reporters.JUnitReportReporter -->
<testsuite hostname="Agent21" name="getRequest.GetData" tests="2" failures="0" timestamp="28 Jun 2018 04:55:39 GMT" time="2.756" errors="0">
  <testcase name="testResponse" time="1.759" classname="getRequest.GetData"/>
  <testcase name="testResponsecode" time="0.997" classname="getRequest.GetData"/>
</testsuite> <!-- getRequest.GetData -->
