<?xml version="1.0" encoding="UTF-8"?>
<!-- Generated by org.testng.reporters.JUnitReportReporter -->
<testsuite hostname="Agent21" name="getRequest.IterateHeaders" tests="1" failures="0" timestamp="28 Jun 2018 04:55:39 GMT" time="0.482" errors="0">
  <testcase name="IteratingOverHeaders" time="0.482" classname="getRequest.IterateHeaders"/>
</testsuite> <!-- getRequest.IterateHeaders -->
